{"level":"DEBUG","location":"[get_call:140] fyersModel","message":{"Status Code":403,"API":"/profile"},"timestamp":"2025-08-26 22:24:01,131+0530","service":"FyersAPIRequest"}
{"level":"DEBUG","location":"[get_call:140] fyersModel","message":{"Status Code":403,"API":"/funds"},"timestamp":"2025-08-26 22:24:01,353+0530","service":"FyersAPIRequest"}
{"level":"DEBUG","location":"[get_call:140] fyersModel","message":{"Status Code":403,"API":"/holdings"},"timestamp":"2025-08-26 22:24:01,533+0530","service":"FyersAPIRequest"}
{"level":"DEBUG","location":"[get_call:140] fyersModel","message":{"Status Code":200,"API":"/profile"},"timestamp":"2025-08-26 22:26:06,828+0530","service":"FyersAPIRequest"}
{"level":"DEBUG","location":"[get_call:140] fyersModel","message":{"Status Code":200,"API":"/funds"},"timestamp":"2025-08-26 22:26:07,027+0530","service":"FyersAPIRequest"}
{"level":"DEBUG","location":"[get_call:140] fyersModel","message":{"Status Code":200,"API":"/holdings"},"timestamp":"2025-08-26 22:26:07,197+0530","service":"FyersAPIRequest"}
{"level":"DEBUG","location":"[get_call:140] fyersModel","message":{"Status Code":200,"API":"/quotes"},"timestamp":"2025-08-26 22:32:06,206+0530","service":"FyersAPIRequest"}
{"level":"DEBUG","location":"[get_call:140] fyersModel","message":{"Status Code":400,"API":"/depth"},"timestamp":"2025-08-26 22:32:06,435+0530","service":"FyersAPIRequest"}
{"level":"DEBUG","location":"[get_call:140] fyersModel","message":{"Status Code":200,"API":"/history"},"timestamp":"2025-08-26 22:32:06,671+0530","service":"FyersAPIRequest"}
{"level":"DEBUG","location":"[get_call:140] fyersModel","message":{"Status Code":200,"API":"/profile"},"timestamp":"2025-08-31 15:44:27,442+0530","service":"FyersAPIRequest"}
{"level":"DEBUG","location":"[get_call:140] fyersModel","message":{"Status Code":200,"API":"/funds"},"timestamp":"2025-08-31 15:44:27,644+0530","service":"FyersAPIRequest"}
{"level":"DEBUG","location":"[get_call:140] fyersModel","message":{"Status Code":200,"API":"/holdings"},"timestamp":"2025-08-31 15:44:27,807+0530","service":"FyersAPIRequest"}
{"level":"DEBUG","location":"[get_call:140] fyersModel","message":{"Status Code":401,"API":"/history"},"timestamp":"2025-08-31 19:32:16,960+0530","service":"FyersAPIRequest"}
{"level":"DEBUG","location":"[get_call:140] fyersModel","message":{"Status Code":200,"API":"/profile"},"timestamp":"2025-09-02 20:42:27,457+0530","service":"FyersAPIRequest"}
{"level":"DEBUG","location":"[get_call:140] fyersModel","message":{"Status Code":200,"API":"/funds"},"timestamp":"2025-09-02 20:42:27,968+0530","service":"FyersAPIRequest"}
{"level":"DEBUG","location":"[get_call:140] fyersModel","message":{"Status Code":200,"API":"/holdings"},"timestamp":"2025-09-02 20:42:28,137+0530","service":"FyersAPIRequest"}
{"level":"DEBUG","location":"[get_call:140] fyersModel","message":{"Status Code":200,"API":"/quotes"},"timestamp":"2025-09-02 20:46:35,498+0530","service":"FyersAPIRequest"}
{"level":"DEBUG","location":"[get_call:140] fyersModel","message":{"Status Code":400,"API":"/depth"},"timestamp":"2025-09-02 20:46:35,991+0530","service":"FyersAPIRequest"}
{"level":"DEBUG","location":"[get_call:140] fyersModel","message":{"Status Code":200,"API":"/history"},"timestamp":"2025-09-02 20:46:36,142+0530","service":"FyersAPIRequest"}
{"level":"DEBUG","location":"[get_call:140] fyersModel","message":{"Status Code":200,"API":"/history"},"timestamp":"2025-09-02 20:49:25,124+0530","service":"FyersAPIRequest"}
{"level":"DEBUG","location":"[get_call:140] fyersModel","message":{"Status Code":200,"API":"/history"},"timestamp":"2025-09-02 20:56:24,127+0530","service":"FyersAPIRequest"}
{"level":"DEBUG","location":"[get_call:140] fyersModel","message":{"Status Code":200,"API":"/history"},"timestamp":"2025-09-02 20:57:31,044+0530","service":"FyersAPIRequest"}
{"level":"DEBUG","location":"[get_call:140] fyersModel","message":{"Status Code":200,"API":"/history"},"timestamp":"2025-09-02 20:58:46,391+0530","service":"FyersAPIRequest"}
{"level":"DEBUG","location":"[get_call:140] fyersModel","message":{"Status Code":200,"API":"/history"},"timestamp":"2025-09-02 20:58:55,954+0530","service":"FyersAPIRequest"}
{"level":"DEBUG","location":"[get_call:140] fyersModel","message":{"Status Code":200,"API":"/history"},"timestamp":"2025-09-02 21:00:27,500+0530","service":"FyersAPIRequest"}
{"level":"DEBUG","location":"[get_call:140] fyersModel","message":{"Status Code":200,"API":"/history"},"timestamp":"2025-09-02 21:00:39,117+0530","service":"FyersAPIRequest"}
{"level":"DEBUG","location":"[get_call:140] fyersModel","message":{"Status Code":200,"API":"/history"},"timestamp":"2025-09-02 21:05:01,220+0530","service":"FyersAPIRequest"}
{"level":"DEBUG","location":"[get_call:140] fyersModel","message":{"Status Code":200,"API":"/history"},"timestamp":"2025-09-02 21:05:19,283+0530","service":"FyersAPIRequest"}
{"level":"DEBUG","location":"[get_call:140] fyersModel","message":{"Status Code":200,"API":"/history"},"timestamp":"2025-09-02 21:05:22,158+0530","service":"FyersAPIRequest"}
{"level":"DEBUG","location":"[get_call:140] fyersModel","message":{"Status Code":200,"API":"/history"},"timestamp":"2025-09-02 21:05:51,276+0530","service":"FyersAPIRequest"}
{"level":"DEBUG","location":"[get_call:140] fyersModel","message":{"Status Code":200,"API":"/history"},"timestamp":"2025-09-02 21:06:56,672+0530","service":"FyersAPIRequest"}
{"level":"DEBUG","location":"[get_call:140] fyersModel","message":{"Status Code":200,"API":"/history"},"timestamp":"2025-09-02 21:07:25,340+0530","service":"FyersAPIRequest"}
{"level":"DEBUG","location":"[get_call:140] fyersModel","message":{"Status Code":200,"API":"/history"},"timestamp":"2025-09-02 21:59:37,698+0530","service":"FyersAPIRequest"}
{"level":"DEBUG","location":"[get_call:140] fyersModel","message":{"Status Code":200,"API":"/history"},"timestamp":"2025-09-02 22:00:10,626+0530","service":"FyersAPIRequest"}
{"level":"DEBUG","location":"[get_call:140] fyersModel","message":{"Status Code":200,"API":"/history"},"timestamp":"2025-09-02 22:00:34,809+0530","service":"FyersAPIRequest"}
{"level":"DEBUG","location":"[get_call:140] fyersModel","message":{"Status Code":200,"API":"/history"},"timestamp":"2025-09-02 22:00:40,939+0530","service":"FyersAPIRequest"}
{"level":"DEBUG","location":"[get_call:140] fyersModel","message":{"Status Code":200,"API":"/history"},"timestamp":"2025-09-02 22:01:36,709+0530","service":"FyersAPIRequest"}
{"level":"DEBUG","location":"[get_call:140] fyersModel","message":{"Status Code":200,"API":"/history"},"timestamp":"2025-09-02 22:07:13,707+0530","service":"FyersAPIRequest"}
{"level":"DEBUG","location":"[get_call:140] fyersModel","message":{"Status Code":200,"API":"/history"},"timestamp":"2025-09-02 22:12:45,475+0530","service":"FyersAPIRequest"}
{"level":"DEBUG","location":"[get_call:140] fyersModel","message":{"Status Code":200,"API":"/history"},"timestamp":"2025-09-02 22:44:11,263+0530","service":"FyersAPIRequest"}
{"level":"DEBUG","location":"[get_call:140] fyersModel","message":{"Status Code":200,"API":"/history"},"timestamp":"2025-09-02 22:44:30,156+0530","service":"FyersAPIRequest"}
{"level":"DEBUG","location":"[get_call:140] fyersModel","message":{"Status Code":200,"API":"/history"},"timestamp":"2025-09-02 22:46:04,555+0530","service":"FyersAPIRequest"}
{"level":"DEBUG","location":"[get_call:140] fyersModel","message":{"Status Code":200,"API":"/history"},"timestamp":"2025-09-02 22:46:58,737+0530","service":"FyersAPIRequest"}
{"level":"DEBUG","location":"[get_call:140] fyersModel","message":{"Status Code":200,"API":"/history"},"timestamp":"2025-09-02 22:48:58,774+0530","service":"FyersAPIRequest"}
{"level":"DEBUG","location":"[get_call:140] fyersModel","message":{"Status Code":200,"API":"/history"},"timestamp":"2025-09-02 22:49:12,672+0530","service":"FyersAPIRequest"}
{"level":"DEBUG","location":"[get_call:140] fyersModel","message":{"Status Code":200,"API":"/history"},"timestamp":"2025-09-02 22:50:01,694+0530","service":"FyersAPIRequest"}
{"level":"DEBUG","location":"[get_call:140] fyersModel","message":{"Status Code":200,"API":"/history"},"timestamp":"2025-09-02 23:51:34,133+0530","service":"FyersAPIRequest"}
{"level":"DEBUG","location":"[get_call:140] fyersModel","message":{"Status Code":200,"API":"/history"},"timestamp":"2025-09-02 23:57:19,932+0530","service":"FyersAPIRequest"}
{"level":"DEBUG","location":"[get_call:140] fyersModel","message":{"Status Code":422,"API":"/history"},"timestamp":"2025-09-03 00:00:34,495+0530","service":"FyersAPIRequest"}
{"level":"DEBUG","location":"[get_call:140] fyersModel","message":{"Status Code":422,"API":"/history"},"timestamp":"2025-09-03 00:00:42,061+0530","service":"FyersAPIRequest"}
{"level":"DEBUG","location":"[get_call:140] fyersModel","message":{"Status Code":422,"API":"/history"},"timestamp":"2025-09-03 00:01:14,038+0530","service":"FyersAPIRequest"}
{"level":"DEBUG","location":"[get_call:140] fyersModel","message":{"Status Code":422,"API":"/history"},"timestamp":"2025-09-03 00:01:27,512+0530","service":"FyersAPIRequest"}
{"level":"DEBUG","location":"[get_call:140] fyersModel","message":{"Status Code":200,"API":"/history"},"timestamp":"2025-09-03 00:01:36,245+0530","service":"FyersAPIRequest"}
{"level":"DEBUG","location":"[get_call:140] fyersModel","message":{"Status Code":422,"API":"/history"},"timestamp":"2025-09-03 00:02:07,331+0530","service":"FyersAPIRequest"}
{"level":"DEBUG","location":"[get_call:140] fyersModel","message":{"Status Code":422,"API":"/history"},"timestamp":"2025-09-03 00:02:20,755+0530","service":"FyersAPIRequest"}
{"level":"DEBUG","location":"[get_call:140] fyersModel","message":{"Status Code":422,"API":"/history"},"timestamp":"2025-09-03 00:02:37,803+0530","service":"FyersAPIRequest"}
{"level":"DEBUG","location":"[get_call:140] fyersModel","message":{"Status Code":200,"API":"/history"},"timestamp":"2025-09-03 00:03:14,000+0530","service":"FyersAPIRequest"}
{"level":"DEBUG","location":"[get_call:140] fyersModel","message":{"Status Code":200,"API":"/history"},"timestamp":"2025-09-03 00:09:25,781+0530","service":"FyersAPIRequest"}
{"level":"DEBUG","location":"[get_call:140] fyersModel","message":{"Status Code":200,"API":"/history"},"timestamp":"2025-09-03 00:10:02,545+0530","service":"FyersAPIRequest"}
{"level":"DEBUG","location":"[get_call:140] fyersModel","message":{"Status Code":200,"API":"/history"},"timestamp":"2025-09-03 00:23:06,803+0530","service":"FyersAPIRequest"}
{"level":"DEBUG","location":"[get_call:140] fyersModel","message":{"Status Code":200,"API":"/history"},"timestamp":"2025-09-03 00:34:29,368+0530","service":"FyersAPIRequest"}
{"level":"DEBUG","location":"[get_call:140] fyersModel","message":{"Status Code":200,"API":"/history"},"timestamp":"2025-09-04 00:02:29,454+0530","service":"FyersAPIRequest"}
{"level":"DEBUG","location":"[get_call:140] fyersModel","message":{"Status Code":200,"API":"/history"},"timestamp":"2025-09-09 20:45:22,526+0530","service":"FyersAPIRequest"}
{"level":"DEBUG","location":"[get_call:140] fyersModel","message":{"Status Code":200,"API":"/history"},"timestamp":"2025-09-09 20:45:47,162+0530","service":"FyersAPIRequest"}
{"level":"DEBUG","location":"[get_call:140] fyersModel","message":{"Status Code":422,"API":"/history"},"timestamp":"2025-09-09 20:48:30,774+0530","service":"FyersAPIRequest"}
{"level":"DEBUG","location":"[get_call:140] fyersModel","message":{"Status Code":200,"API":"/history"},"timestamp":"2025-09-09 20:50:29,763+0530","service":"FyersAPIRequest"}
{"level":"DEBUG","location":"[get_call:140] fyersModel","message":{"Status Code":200,"API":"/history"},"timestamp":"2025-09-09 20:51:06,466+0530","service":"FyersAPIRequest"}
{"level":"DEBUG","location":"[get_call:140] fyersModel","message":{"Status Code":200,"API":"/history"},"timestamp":"2025-09-09 20:51:54,056+0530","service":"FyersAPIRequest"}
{"level":"DEBUG","location":"[get_call:140] fyersModel","message":{"Status Code":200,"API":"/quotes"},"timestamp":"2025-09-09 21:10:14,145+0530","service":"FyersAPIRequest"}
{"level":"DEBUG","location":"[get_call:140] fyersModel","message":{"Status Code":200,"API":"/quotes"},"timestamp":"2025-09-09 21:10:25,689+0530","service":"FyersAPIRequest"}
{"level":"DEBUG","location":"[get_call:140] fyersModel","message":{"Status Code":200,"API":"/quotes"},"timestamp":"2025-09-09 21:10:30,924+0530","service":"FyersAPIRequest"}
{"level":"DEBUG","location":"[get_call:140] fyersModel","message":{"Status Code":200,"API":"/quotes"},"timestamp":"2025-09-09 21:15:10,915+0530","service":"FyersAPIRequest"}
{"level":"DEBUG","location":"[get_call:140] fyersModel","message":{"Status Code":200,"API":"/quotes"},"timestamp":"2025-09-09 21:18:37,839+0530","service":"FyersAPIRequest"}
{"level":"DEBUG","location":"[get_call:140] fyersModel","message":{"Status Code":200,"API":"/quotes"},"timestamp":"2025-09-09 21:19:43,615+0530","service":"FyersAPIRequest"}
{"level":"DEBUG","location":"[get_call:140] fyersModel","message":{"Status Code":200,"API":"/history"},"timestamp":"2025-09-09 22:01:10,093+0530","service":"FyersAPIRequest"}
{"level":"DEBUG","location":"[get_call:140] fyersModel","message":{"Status Code":200,"API":"/history"},"timestamp":"2025-09-09 22:01:14,753+0530","service":"FyersAPIRequest"}
{"level":"DEBUG","location":"[get_call:140] fyersModel","message":{"Status Code":200,"API":"/history"},"timestamp":"2025-09-09 22:01:41,406+0530","service":"FyersAPIRequest"}
{"level":"DEBUG","location":"[get_call:140] fyersModel","message":{"Status Code":200,"API":"/history"},"timestamp":"2025-09-09 22:11:30,856+0530","service":"FyersAPIRequest"}
{"level":"DEBUG","location":"[get_call:140] fyersModel","message":{"Status Code":200,"API":"/history"},"timestamp":"2025-09-09 22:12:51,449+0530","service":"FyersAPIRequest"}
{"level":"DEBUG","location":"[get_call:140] fyersModel","message":{"Status Code":200,"API":"/history"},"timestamp":"2025-09-09 22:15:25,120+0530","service":"FyersAPIRequest"}
{"level":"DEBUG","location":"[get_call:140] fyersModel","message":{"Status Code":200,"API":"/history"},"timestamp":"2025-09-09 22:23:25,372+0530","service":"FyersAPIRequest"}
{"level":"DEBUG","location":"[get_call:140] fyersModel","message":{"Status Code":200,"API":"/history"},"timestamp":"2025-09-09 22:29:08,582+0530","service":"FyersAPIRequest"}
{"level":"DEBUG","location":"[get_call:140] fyersModel","message":{"Status Code":200,"API":"/history"},"timestamp":"2025-09-09 22:37:52,041+0530","service":"FyersAPIRequest"}
{"level":"DEBUG","location":"[get_call:140] fyersModel","message":{"Status Code":200,"API":"/history"},"timestamp":"2025-09-09 22:43:19,756+0530","service":"FyersAPIRequest"}
{"level":"DEBUG","location":"[get_call:140] fyersModel","message":{"Status Code":422,"API":"/history"},"timestamp":"2025-09-09 22:44:59,709+0530","service":"FyersAPIRequest"}
{"level":"DEBUG","location":"[get_call:140] fyersModel","message":{"Status Code":422,"API":"/history"},"timestamp":"2025-09-09 22:45:31,622+0530","service":"FyersAPIRequest"}
{"level":"DEBUG","location":"[get_call:140] fyersModel","message":{"Status Code":422,"API":"/history"},"timestamp":"2025-09-09 22:45:47,869+0530","service":"FyersAPIRequest"}
{"level":"DEBUG","location":"[get_call:140] fyersModel","message":{"Status Code":422,"API":"/history"},"timestamp":"2025-09-09 22:46:01,776+0530","service":"FyersAPIRequest"}
{"level":"DEBUG","location":"[get_call:140] fyersModel","message":{"Status Code":200,"API":"/history"},"timestamp":"2025-09-09 22:48:21,790+0530","service":"FyersAPIRequest"}
{"level":"DEBUG","location":"[get_call:140] fyersModel","message":{"Status Code":200,"API":"/history"},"timestamp":"2025-09-09 22:49:20,742+0530","service":"FyersAPIRequest"}
{"level":"DEBUG","location":"[get_call:140] fyersModel","message":{"Status Code":200,"API":"/history"},"timestamp":"2025-09-09 22:49:25,647+0530","service":"FyersAPIRequest"}
{"level":"DEBUG","location":"[get_call:140] fyersModel","message":{"Status Code":200,"API":"/history"},"timestamp":"2025-09-09 22:49:59,100+0530","service":"FyersAPIRequest"}
{"level":"DEBUG","location":"[get_call:140] fyersModel","message":{"Status Code":422,"API":"/history"},"timestamp":"2025-09-09 22:52:25,905+0530","service":"FyersAPIRequest"}
{"level":"DEBUG","location":"[get_call:140] fyersModel","message":{"Status Code":200,"API":"/history"},"timestamp":"2025-09-09 22:52:55,462+0530","service":"FyersAPIRequest"}
{"level":"DEBUG","location":"[get_call:140] fyersModel","message":{"Status Code":200,"API":"/profile"},"timestamp":"2025-09-10 23:38:25,324+0530","service":"FyersAPIRequest"}
{"level":"DEBUG","location":"[get_call:140] fyersModel","message":{"Status Code":200,"API":"/funds"},"timestamp":"2025-09-10 23:38:25,523+0530","service":"FyersAPIRequest"}
{"level":"DEBUG","location":"[get_call:140] fyersModel","message":{"Status Code":200,"API":"/holdings"},"timestamp":"2025-09-10 23:38:25,852+0530","service":"FyersAPIRequest"}
{"level":"DEBUG","location":"[get_call:140] fyersModel","message":{"Status Code":200,"API":"/history"},"timestamp":"2025-09-10 23:39:03,056+0530","service":"FyersAPIRequest"}
{"level":"DEBUG","location":"[get_call:140] fyersModel","message":{"Status Code":200,"API":"/history"},"timestamp":"2025-09-10 23:41:21,457+0530","service":"FyersAPIRequest"}
{"level":"DEBUG","location":"[get_call:140] fyersModel","message":{"Status Code":200,"API":"/history"},"timestamp":"2025-09-11 00:20:29,742+0530","service":"FyersAPIRequest"}
{"level":"DEBUG","location":"[get_call:140] fyersModel","message":{"Status Code":200,"API":"/history"},"timestamp":"2025-09-11 01:46:47,530+0530","service":"FyersAPIRequest"}
{"level":"DEBUG","location":"[get_call:140] fyersModel","message":{"Status Code":200,"API":"/profile"},"timestamp":"2025-09-16 16:50:53,698+0530","service":"FyersAPIRequest"}
{"level":"DEBUG","location":"[get_call:140] fyersModel","message":{"Status Code":200,"API":"/funds"},"timestamp":"2025-09-16 16:50:53,865+0530","service":"FyersAPIRequest"}
{"level":"DEBUG","location":"[get_call:140] fyersModel","message":{"Status Code":200,"API":"/holdings"},"timestamp":"2025-09-16 16:50:54,001+0530","service":"FyersAPIRequest"}
{"level":"DEBUG","location":"[get_call:140] fyersModel","message":{"Status Code":200,"API":"/history"},"timestamp":"2025-09-16 21:14:57,725+0530","service":"FyersAPIRequest"}
{"level":"DEBUG","location":"[get_call:140] fyersModel","message":{"Status Code":200,"API":"/history"},"timestamp":"2025-09-16 21:15:00,461+0530","service":"FyersAPIRequest"}
{"level":"DEBUG","location":"[get_call:140] fyersModel","message":{"Status Code":200,"API":"/history"},"timestamp":"2025-09-16 21:30:50,235+0530","service":"FyersAPIRequest"}
{"level":"DEBUG","location":"[get_call:140] fyersModel","message":{"Status Code":200,"API":"/profile"},"timestamp":"2025-09-26 10:42:37,766+0530","service":"FyersAPIRequest"}
{"level":"DEBUG","location":"[get_call:140] fyersModel","message":{"Status Code":200,"API":"/funds"},"timestamp":"2025-09-26 10:42:37,939+0530","service":"FyersAPIRequest"}
{"level":"DEBUG","location":"[get_call:140] fyersModel","message":{"Status Code":200,"API":"/holdings"},"timestamp":"2025-09-26 10:42:38,092+0530","service":"FyersAPIRequest"}
{"level":"DEBUG","location":"[get_call:140] fyersModel","message":{"Status Code":200,"API":"/history"},"timestamp":"2025-09-26 10:43:11,936+0530","service":"FyersAPIRequest"}
{"level":"DEBUG","location":"[get_call:140] fyersModel","message":{"Status Code":200,"API":"/history"},"timestamp":"2025-10-08 13:01:33,182+0530","service":"FyersAPIRequest"}
